[0.040s] Invoking command in '/home/mr_ray/Desktop/bumperbot_ws/build/bumperbot_controller': CMAKE_PREFIX_PATH=/opt/ros/humble /usr/bin/cmake --build /home/mr_ray/Desktop/bumperbot_ws/build/bumperbot_controller -- -j8 -l8
[0.056s] [0mCMake Error: The current CMakeCache.txt directory /home/mr_ray/Desktop/bumperbot_ws/build/bumperbot_controller/CMakeCache.txt is different than the directory /home/mr_ray/bumperbot_ws/build/bumperbot_controller where CMakeCache.txt was created. This may result in binaries being created in the wrong place. If you are not sure, reedit the CMakeCache.txt[0m
[0.104s] -- Found ament_cmake: 1.3.9 (/opt/ros/humble/share/ament_cmake/cmake)
[0.394s] -- Found rclcpp: 16.0.9 (/opt/ros/humble/share/rclcpp/cmake)
[0.465s] -- Found rosidl_generator_c: 3.1.5 (/opt/ros/humble/share/rosidl_generator_c/cmake)
[0.472s] -- Found rosidl_adapter: 3.1.5 (/opt/ros/humble/share/rosidl_adapter/cmake)
[0.488s] -- Found rosidl_generator_cpp: 3.1.5 (/opt/ros/humble/share/rosidl_generator_cpp/cmake)
[0.518s] -- Using all available rosidl_typesupport_c: rosidl_typesupport_fastrtps_c;rosidl_typesupport_introspection_c
[0.559s] -- Using all available rosidl_typesupport_cpp: rosidl_typesupport_fastrtps_cpp;rosidl_typesupport_introspection_cpp
[0.705s] -- Found rmw_implementation_cmake: 6.1.2 (/opt/ros/humble/share/rmw_implementation_cmake/cmake)
[0.709s] -- Found rmw_cyclonedds_cpp: 1.3.4 (/opt/ros/humble/share/rmw_cyclonedds_cpp/cmake)
[0.798s] -- Using RMW implementation 'rmw_cyclonedds_cpp' as default
[1.046s] -- Found geometry_msgs: 4.2.3 (/opt/ros/humble/share/geometry_msgs/cmake)
[1.111s] -- Found sensor_msgs: 4.2.3 (/opt/ros/humble/share/sensor_msgs/cmake)
[1.227s] -- Found nav_msgs: 4.2.3 (/opt/ros/humble/share/nav_msgs/cmake)
[1.349s] -- Found tf2: 0.25.6 (/opt/ros/humble/share/tf2/cmake)
[1.369s] -- Found tf2_ros: 0.25.6 (/opt/ros/humble/share/tf2_ros/cmake)
[1.875s] -- Found ament_lint_auto: 0.12.11 (/opt/ros/humble/share/ament_lint_auto/cmake)
[1.975s] -- Added test 'copyright' to check source files copyright and LICENSE
[1.978s] -- Added test 'cppcheck' to perform static code analysis on C / C++ code
[1.978s] -- Configured cppcheck include dirs: /home/mr_ray/bumperbot_ws/src/bumperbot_controller/include
[1.979s] -- Configured cppcheck exclude dirs and/or files: 
[1.979s] -- Added test 'flake8' to check Python code syntax and style conventions
[1.980s] -- Added test 'lint_cmake' to check CMake code style
[1.980s] -- Added test 'pep257' to check Python code against some of the docstring style conventions in PEP 257
[1.982s] -- Added test 'uncrustify' to check C / C++ code style
[1.982s] -- Configured uncrustify additional arguments: 
[1.983s] -- Added test 'xmllint' to check XML markup files
[1.984s] -- Configuring done
[2.012s] -- Generating done
[2.015s] -- Build files have been written to: /home/mr_ray/bumperbot_ws/build/bumperbot_controller
[2.062s] [35m[1mConsolidate compiler generated dependencies of target simple_controller[0m
[2.063s] CMake Error: Target DependInfo.cmake file not found
[2.078s] Error copying directory from "/home/mr_ray/bumperbot_ws/src/bumperbot_controller/bumperbot_controller" to "/home/mr_ray/bumperbot_ws/build/bumperbot_controller/ament_cmake_python/bumperbot_controller/bumperbot_controller".
[2.079s] gmake[2]: *** [CMakeFiles/ament_cmake_python_copy_bumperbot_controller.dir/build.make:70: CMakeFiles/ament_cmake_python_copy_bumperbot_controller] Error 1
[2.080s] gmake[1]: *** [CMakeFiles/Makefile2:140: CMakeFiles/ament_cmake_python_copy_bumperbot_controller.dir/all] Error 2
[2.080s] gmake[1]: *** Waiting for unfinished jobs....
[2.095s] [ 50%] Built target simple_controller
[2.098s] gmake: *** [Makefile:146: all] Error 2
